{"D:\\projects\\hooks-for-react\\src\\async-effect.ts": {"path":"D:\\projects\\hooks-for-react\\src\\async-effect.ts","statementMap":{"0":{"start":{"line":1,"column":0},"end":{"line":1,"column":53}},"1":{"start":{"line":2,"column":0},"end":{"line":2,"column":32}},"2":{"start":{"line":5,"column":30},"end":{"line":8,"column":1}},"3":{"start":{"line":6,"column":4},"end":{"line":6,"column":null}},"4":{"start":{"line":7,"column":4},"end":{"line":7,"column":null}},"5":{"start":{"line":5,"column":13},"end":{"line":5,"column":30}}},"fnMap":{"0":{"name":"(anonymous_0)","decl":{"start":{"line":5,"column":30},"end":{"line":5,"column":31}},"loc":{"start":{"line":5,"column":79},"end":{"line":8,"column":1}}}},"branchMap":{},"s":{"0":2,"1":2,"2":2,"3":2,"4":2,"5":2},"f":{"0":2},"b":{}}
,"D:\\projects\\hooks-for-react\\src\\bind-ref.ts": {"path":"D:\\projects\\hooks-for-react\\src\\bind-ref.ts","statementMap":{"0":{"start":{"line":1,"column":0},"end":{"line":1,"column":37}},"1":{"start":{"line":2,"column":0},"end":{"line":2,"column":31}},"2":{"start":{"line":4,"column":26},"end":{"line":8,"column":1}},"3":{"start":{"line":5,"column":20},"end":{"line":5,"column":56}},"4":{"start":{"line":5,"column":41},"end":{"line":5,"column":46}},"5":{"start":{"line":6,"column":4},"end":{"line":6,"column":null}},"6":{"start":{"line":7,"column":4},"end":{"line":7,"column":null}},"7":{"start":{"line":4,"column":13},"end":{"line":4,"column":26}}},"fnMap":{"0":{"name":"(anonymous_0)","decl":{"start":{"line":4,"column":26},"end":{"line":4,"column":30}},"loc":{"start":{"line":4,"column":42},"end":{"line":8,"column":1}}},"1":{"name":"(anonymous_1)","decl":{"start":{"line":5,"column":35},"end":{"line":5,"column":38}},"loc":{"start":{"line":5,"column":41},"end":{"line":5,"column":46}}}},"branchMap":{},"s":{"0":1,"1":1,"2":1,"3":2,"4":2,"5":2,"6":2,"7":1},"f":{"0":2,"1":2},"b":{}}
,"D:\\projects\\hooks-for-react\\src\\bind-state.ts": {"path":"D:\\projects\\hooks-for-react\\src\\bind-state.ts","statementMap":{"0":{"start":{"line":1,"column":0},"end":{"line":1,"column":37}},"1":{"start":{"line":2,"column":0},"end":{"line":2,"column":45}},"2":{"start":{"line":4,"column":28},"end":{"line":8,"column":1}},"3":{"start":{"line":5,"column":19},"end":{"line":5,"column":57}},"4":{"start":{"line":5,"column":42},"end":{"line":5,"column":47}},"5":{"start":{"line":6,"column":4},"end":{"line":6,"column":null}},"6":{"start":{"line":7,"column":4},"end":{"line":7,"column":null}},"7":{"start":{"line":4,"column":13},"end":{"line":4,"column":28}}},"fnMap":{"0":{"name":"(anonymous_0)","decl":{"start":{"line":4,"column":28},"end":{"line":4,"column":32}},"loc":{"start":{"line":4,"column":44},"end":{"line":8,"column":1}}},"1":{"name":"(anonymous_1)","decl":{"start":{"line":5,"column":36},"end":{"line":5,"column":39}},"loc":{"start":{"line":5,"column":42},"end":{"line":5,"column":47}}}},"branchMap":{},"s":{"0":2,"1":2,"2":2,"3":2,"4":2,"5":2,"6":2,"7":2},"f":{"0":2,"1":2},"b":{}}
,"D:\\projects\\hooks-for-react\\src\\bounce-async.abstract.ts": {"path":"D:\\projects\\hooks-for-react\\src\\bounce-async.abstract.ts","statementMap":{"0":{"start":{"line":1,"column":0},"end":{"line":1,"column":46}},"1":{"start":{"line":6,"column":38},"end":{"line":21,"column":1}},"2":{"start":{"line":7,"column":26},"end":{"line":7,"column":49}},"3":{"start":{"line":8,"column":4},"end":{"line":20,"column":null}},"4":{"start":{"line":10,"column":27},"end":{"line":14,"column":16}},"5":{"start":{"line":11,"column":35},"end":{"line":11,"column":56}},"6":{"start":{"line":12,"column":16},"end":{"line":12,"column":null}},"7":{"start":{"line":13,"column":16},"end":{"line":13,"column":null}},"8":{"start":{"line":13,"column":58},"end":{"line":13,"column":null}},"9":{"start":{"line":15,"column":12},"end":{"line":17,"column":null}},"10":{"start":{"line":16,"column":16},"end":{"line":16,"column":null}},"11":{"start":{"line":6,"column":13},"end":{"line":6,"column":38}}},"fnMap":{"0":{"name":"(anonymous_0)","decl":{"start":{"line":6,"column":38},"end":{"line":6,"column":39}},"loc":{"start":{"line":6,"column":132},"end":{"line":21,"column":1}}},"1":{"name":"(anonymous_1)","decl":{"start":{"line":9,"column":8},"end":{"line":9,"column":9}},"loc":{"start":{"line":9,"column":20},"end":{"line":18,"column":9}}},"2":{"name":"(anonymous_2)","decl":{"start":{"line":10,"column":28},"end":{"line":10,"column":33}},"loc":{"start":{"line":10,"column":39},"end":{"line":14,"column":13}}},"3":{"name":"(anonymous_3)","decl":{"start":{"line":15,"column":19},"end":{"line":15,"column":22}},"loc":{"start":{"line":15,"column":24},"end":{"line":17,"column":13}}}},"branchMap":{"0":{"loc":{"start":{"line":13,"column":16},"end":{"line":13,"column":null}},"type":"if","locations":[{"start":{"line":13,"column":16},"end":{"line":13,"column":null}},{"start":{"line":13,"column":16},"end":{"line":13,"column":null}}]}},"s":{"0":1,"1":1,"2":5,"3":5,"4":5,"5":5,"6":5,"7":5,"8":3,"9":5,"10":5,"11":1},"f":{"0":5,"1":5,"2":5,"3":5},"b":{"0":[3,2]}}
,"D:\\projects\\hooks-for-react\\src\\bounce-async.ts": {"path":"D:\\projects\\hooks-for-react\\src\\bounce-async.ts","statementMap":{"0":{"start":{"line":1,"column":0},"end":{"line":1,"column":53}},"1":{"start":{"line":2,"column":0},"end":{"line":2,"column":32}},"2":{"start":{"line":4,"column":0},"end":{"line":4,"column":64}},"3":{"start":{"line":6,"column":30},"end":{"line":9,"column":1}},"4":{"start":{"line":7,"column":4},"end":{"line":7,"column":null}},"5":{"start":{"line":8,"column":4},"end":{"line":8,"column":null}},"6":{"start":{"line":6,"column":13},"end":{"line":6,"column":30}}},"fnMap":{"0":{"name":"(anonymous_0)","decl":{"start":{"line":6,"column":30},"end":{"line":6,"column":31}},"loc":{"start":{"line":6,"column":90},"end":{"line":9,"column":1}}}},"branchMap":{},"s":{"0":1,"1":1,"2":1,"3":1,"4":5,"5":5,"6":1},"f":{"0":5},"b":{}}
,"D:\\projects\\hooks-for-react\\src\\class-name.ts": {"path":"D:\\projects\\hooks-for-react\\src\\class-name.ts","statementMap":{"0":{"start":{"line":1,"column":0},"end":{"line":1,"column":62}},"1":{"start":{"line":2,"column":0},"end":{"line":2,"column":60}},"2":{"start":{"line":4,"column":28},"end":{"line":8,"column":1}},"3":{"start":{"line":5,"column":22},"end":{"line":5,"column":72}},"4":{"start":{"line":5,"column":36},"end":{"line":5,"column":65}},"5":{"start":{"line":6,"column":4},"end":{"line":6,"column":null}},"6":{"start":{"line":7,"column":4},"end":{"line":7,"column":null}},"7":{"start":{"line":4,"column":13},"end":{"line":4,"column":28}}},"fnMap":{"0":{"name":"(anonymous_0)","decl":{"start":{"line":4,"column":28},"end":{"line":4,"column":29}},"loc":{"start":{"line":4,"column":91},"end":{"line":8,"column":1}}},"1":{"name":"(anonymous_1)","decl":{"start":{"line":5,"column":30},"end":{"line":5,"column":33}},"loc":{"start":{"line":5,"column":36},"end":{"line":5,"column":65}}}},"branchMap":{},"s":{"0":2,"1":2,"2":2,"3":2,"4":2,"5":2,"6":2,"7":2},"f":{"0":2,"1":2},"b":{}}
,"D:\\projects\\hooks-for-react\\src\\efct.abstract.ts": {"path":"D:\\projects\\hooks-for-react\\src\\efct.abstract.ts","statementMap":{"0":{"start":{"line":21,"column":48},"end":{"line":35,"column":1}},"1":{"start":{"line":22,"column":4},"end":{"line":34,"column":null}},"2":{"start":{"line":24,"column":35},"end":{"line":24,"column":54}},"3":{"start":{"line":25,"column":34},"end":{"line":25,"column":103}},"4":{"start":{"line":25,"column":59},"end":{"line":25,"column":103}},"5":{"start":{"line":26,"column":27},"end":{"line":26,"column":48}},"6":{"start":{"line":27,"column":12},"end":{"line":27,"column":null}},"7":{"start":{"line":27,"column":43},"end":{"line":27,"column":null}},"8":{"start":{"line":28,"column":12},"end":{"line":31,"column":null}},"9":{"start":{"line":29,"column":16},"end":{"line":29,"column":null}},"10":{"start":{"line":29,"column":56},"end":{"line":29,"column":null}},"11":{"start":{"line":30,"column":16},"end":{"line":30,"column":null}},"12":{"start":{"line":21,"column":13},"end":{"line":21,"column":48}}},"fnMap":{"0":{"name":"(anonymous_0)","decl":{"start":{"line":21,"column":48},"end":{"line":21,"column":49}},"loc":{"start":{"line":21,"column":137},"end":{"line":35,"column":1}}},"1":{"name":"(anonymous_1)","decl":{"start":{"line":23,"column":8},"end":{"line":23,"column":11}},"loc":{"start":{"line":23,"column":13},"end":{"line":32,"column":9}}},"2":{"name":"(anonymous_2)","decl":{"start":{"line":25,"column":34},"end":{"line":25,"column":35}},"loc":{"start":{"line":25,"column":59},"end":{"line":25,"column":103}}},"3":{"name":"(anonymous_3)","decl":{"start":{"line":28,"column":19},"end":{"line":28,"column":22}},"loc":{"start":{"line":28,"column":24},"end":{"line":31,"column":13}}}},"branchMap":{"0":{"loc":{"start":{"line":25,"column":59},"end":{"line":25,"column":90}},"type":"binary-expr","locations":[{"start":{"line":25,"column":59},"end":{"line":25,"column":90}},{"start":{"line":25,"column":94},"end":{"line":25,"column":103}}]},"1":{"loc":{"start":{"line":27,"column":12},"end":{"line":27,"column":null}},"type":"if","locations":[{"start":{"line":27,"column":12},"end":{"line":27,"column":null}},{"start":{"line":27,"column":12},"end":{"line":27,"column":null}}]},"2":{"loc":{"start":{"line":27,"column":16},"end":{"line":27,"column":22}},"type":"binary-expr","locations":[{"start":{"line":27,"column":16},"end":{"line":27,"column":22}},{"start":{"line":27,"column":26},"end":{"line":27,"column":41}}]}},"s":{"0":10,"1":26,"2":25,"3":25,"4":20,"5":25,"6":25,"7":14,"8":25,"9":25,"10":18,"11":25,"12":10},"f":{"0":26,"1":25,"2":20,"3":25},"b":{"0":[20,2],"1":[14,11],"2":[25,18]}}
,"D:\\projects\\hooks-for-react\\src\\efct.ts": {"path":"D:\\projects\\hooks-for-react\\src\\efct.ts","statementMap":{"0":{"start":{"line":1,"column":0},"end":{"line":1,"column":49}},"1":{"start":{"line":2,"column":0},"end":{"line":2,"column":55}},"2":{"start":{"line":4,"column":23},"end":{"line":4,"column":117}},"3":{"start":{"line":4,"column":77},"end":{"line":4,"column":117}},"4":{"start":{"line":4,"column":13},"end":{"line":4,"column":23}}},"fnMap":{"0":{"name":"(anonymous_0)","decl":{"start":{"line":4,"column":23},"end":{"line":4,"column":40}},"loc":{"start":{"line":4,"column":77},"end":{"line":4,"column":117}}}},"branchMap":{},"s":{"0":7,"1":7,"2":7,"3":21,"4":7},"f":{"0":21},"b":{}}
,"D:\\projects\\hooks-for-react\\src\\hover.ts": {"path":"D:\\projects\\hooks-for-react\\src\\hover.ts","statementMap":{"0":{"start":{"line":1,"column":0},"end":{"line":1,"column":80}},"1":{"start":{"line":2,"column":0},"end":{"line":2,"column":45}},"2":{"start":{"line":9,"column":24},"end":{"line":29,"column":1}},"3":{"start":{"line":10,"column":30},"end":{"line":10,"column":50}},"4":{"start":{"line":11,"column":4},"end":{"line":26,"column":null}},"5":{"start":{"line":13,"column":32},"end":{"line":13,"column":35}},"6":{"start":{"line":14,"column":12},"end":{"line":23,"column":null}},"7":{"start":{"line":15,"column":40},"end":{"line":15,"column":60}},"8":{"start":{"line":15,"column":46},"end":{"line":15,"column":60}},"9":{"start":{"line":16,"column":39},"end":{"line":16,"column":60}},"10":{"start":{"line":16,"column":45},"end":{"line":16,"column":60}},"11":{"start":{"line":17,"column":16},"end":{"line":17,"column":null}},"12":{"start":{"line":18,"column":16},"end":{"line":18,"column":null}},"13":{"start":{"line":19,"column":16},"end":{"line":22,"column":null}},"14":{"start":{"line":20,"column":20},"end":{"line":20,"column":null}},"15":{"start":{"line":21,"column":20},"end":{"line":21,"column":null}},"16":{"start":{"line":27,"column":4},"end":{"line":27,"column":null}},"17":{"start":{"line":28,"column":4},"end":{"line":28,"column":null}},"18":{"start":{"line":9,"column":13},"end":{"line":9,"column":24}}},"fnMap":{"0":{"name":"(anonymous_0)","decl":{"start":{"line":9,"column":24},"end":{"line":9,"column":48}},"loc":{"start":{"line":9,"column":152},"end":{"line":29,"column":1}}},"1":{"name":"(anonymous_1)","decl":{"start":{"line":12,"column":8},"end":{"line":12,"column":11}},"loc":{"start":{"line":12,"column":13},"end":{"line":24,"column":9}}},"2":{"name":"(anonymous_2)","decl":{"start":{"line":15,"column":40},"end":{"line":15,"column":43}},"loc":{"start":{"line":15,"column":46},"end":{"line":15,"column":60}}},"3":{"name":"(anonymous_3)","decl":{"start":{"line":16,"column":39},"end":{"line":16,"column":42}},"loc":{"start":{"line":16,"column":45},"end":{"line":16,"column":60}}},"4":{"name":"(anonymous_4)","decl":{"start":{"line":19,"column":23},"end":{"line":19,"column":26}},"loc":{"start":{"line":19,"column":28},"end":{"line":22,"column":17}}}},"branchMap":{"0":{"loc":{"start":{"line":9,"column":109},"end":{"line":9,"column":148}},"type":"default-arg","locations":[{"start":{"line":9,"column":109},"end":{"line":9,"column":148}}]},"1":{"loc":{"start":{"line":9,"column":56},"end":{"line":9,"column":71}},"type":"default-arg","locations":[{"start":{"line":9,"column":56},"end":{"line":9,"column":71}}]},"2":{"loc":{"start":{"line":9,"column":83},"end":{"line":9,"column":87}},"type":"default-arg","locations":[{"start":{"line":9,"column":83},"end":{"line":9,"column":87}}]},"3":{"loc":{"start":{"line":14,"column":12},"end":{"line":23,"column":null}},"type":"if","locations":[{"start":{"line":14,"column":12},"end":{"line":23,"column":null}},{"start":{"line":14,"column":12},"end":{"line":23,"column":null}}]},"4":{"loc":{"start":{"line":14,"column":16},"end":{"line":14,"column":23}},"type":"binary-expr","locations":[{"start":{"line":14,"column":16},"end":{"line":14,"column":23}},{"start":{"line":14,"column":27},"end":{"line":14,"column":34}}]}},"s":{"0":2,"1":2,"2":2,"3":7,"4":7,"5":5,"6":5,"7":4,"8":2,"9":4,"10":2,"11":4,"12":4,"13":4,"14":4,"15":4,"16":7,"17":7,"18":2},"f":{"0":7,"1":5,"2":2,"3":2,"4":4},"b":{"0":[3],"1":[1],"2":[3],"3":[4,1],"4":[5,4]}}
,"D:\\projects\\hooks-for-react\\src\\if.abstract.ts": {"path":"D:\\projects\\hooks-for-react\\src\\if.abstract.ts","statementMap":{"0":{"start":{"line":5,"column":29},"end":{"line":12,"column":1}},"1":{"start":{"line":6,"column":4},"end":{"line":11,"column":null}},"2":{"start":{"line":8,"column":12},"end":{"line":8,"column":null}},"3":{"start":{"line":8,"column":27},"end":{"line":8,"column":null}},"4":{"start":{"line":5,"column":13},"end":{"line":5,"column":29}}},"fnMap":{"0":{"name":"(anonymous_0)","decl":{"start":{"line":5,"column":29},"end":{"line":5,"column":46}},"loc":{"start":{"line":5,"column":126},"end":{"line":12,"column":1}}},"1":{"name":"(anonymous_1)","decl":{"start":{"line":7,"column":9},"end":{"line":7,"column":10}},"loc":{"start":{"line":7,"column":23},"end":{"line":9,"column":9}}}},"branchMap":{"0":{"loc":{"start":{"line":8,"column":12},"end":{"line":8,"column":null}},"type":"if","locations":[{"start":{"line":8,"column":12},"end":{"line":8,"column":null}},{"start":{"line":8,"column":12},"end":{"line":8,"column":null}}]}},"s":{"0":3,"1":5,"2":5,"3":2,"4":3},"f":{"0":5,"1":5},"b":{"0":[2,3]}}
,"D:\\projects\\hooks-for-react\\src\\if.ts": {"path":"D:\\projects\\hooks-for-react\\src\\if.ts","statementMap":{"0":{"start":{"line":1,"column":0},"end":{"line":1,"column":37}},"1":{"start":{"line":2,"column":0},"end":{"line":2,"column":32}},"2":{"start":{"line":4,"column":0},"end":{"line":4,"column":45}},"3":{"start":{"line":6,"column":21},"end":{"line":9,"column":1}},"4":{"start":{"line":7,"column":4},"end":{"line":7,"column":null}},"5":{"start":{"line":8,"column":4},"end":{"line":8,"column":null}},"6":{"start":{"line":6,"column":13},"end":{"line":6,"column":21}}},"fnMap":{"0":{"name":"(anonymous_0)","decl":{"start":{"line":6,"column":21},"end":{"line":6,"column":38}},"loc":{"start":{"line":6,"column":73},"end":{"line":9,"column":1}}}},"branchMap":{},"s":{"0":2,"1":2,"2":2,"3":2,"4":3,"5":3,"6":2},"f":{"0":3},"b":{}}
,"D:\\projects\\hooks-for-react\\src\\index.ts": {"path":"D:\\projects\\hooks-for-react\\src\\index.ts","statementMap":{"0":{"start":{"line":1,"column":0},"end":{"line":1,"column":29}},"1":{"start":{"line":2,"column":0},"end":{"line":2,"column":28}},"2":{"start":{"line":3,"column":0},"end":{"line":3,"column":31}},"3":{"start":{"line":4,"column":0},"end":{"line":4,"column":27}},"4":{"start":{"line":5,"column":0},"end":{"line":5,"column":26}},"5":{"start":{"line":6,"column":0},"end":{"line":6,"column":27}},"6":{"start":{"line":7,"column":0},"end":{"line":7,"column":25}},"7":{"start":{"line":8,"column":0},"end":{"line":8,"column":21}},"8":{"start":{"line":9,"column":0},"end":{"line":9,"column":30}},"9":{"start":{"line":10,"column":0},"end":{"line":10,"column":37}},"10":{"start":{"line":11,"column":0},"end":{"line":11,"column":20}},"11":{"start":{"line":12,"column":0},"end":{"line":12,"column":27}},"12":{"start":{"line":13,"column":0},"end":{"line":13,"column":23}},"13":{"start":{"line":14,"column":0},"end":{"line":14,"column":30}},"14":{"start":{"line":15,"column":0},"end":{"line":15,"column":26}},"15":{"start":{"line":16,"column":0},"end":{"line":16,"column":25}},"16":{"start":{"line":17,"column":0},"end":{"line":17,"column":24}},"17":{"start":{"line":18,"column":0},"end":{"line":18,"column":28}},"18":{"start":{"line":19,"column":0},"end":{"line":19,"column":23}},"19":{"start":{"line":20,"column":0},"end":{"line":20,"column":23}},"20":{"start":{"line":21,"column":0},"end":{"line":21,"column":25}},"21":{"start":{"line":22,"column":0},"end":{"line":22,"column":32}},"22":{"start":{"line":23,"column":0},"end":{"line":23,"column":26}},"23":{"start":{"line":24,"column":0},"end":{"line":24,"column":33}},"24":{"start":{"line":25,"column":0},"end":{"line":25,"column":21}}},"fnMap":{},"branchMap":{},"s":{"0":1,"1":1,"2":1,"3":1,"4":1,"5":1,"6":1,"7":1,"8":1,"9":1,"10":1,"11":1,"12":1,"13":1,"14":1,"15":1,"16":1,"17":1,"18":1,"19":1,"20":1,"21":1,"22":1,"23":1,"24":1},"f":{},"b":{}}
,"D:\\projects\\hooks-for-react\\src\\initial.ts": {"path":"D:\\projects\\hooks-for-react\\src\\initial.ts","statementMap":{"0":{"start":{"line":1,"column":0},"end":{"line":1,"column":47}},"1":{"start":{"line":3,"column":26},"end":{"line":7,"column":1}},"2":{"start":{"line":4,"column":21},"end":{"line":4,"column":43}},"3":{"start":{"line":5,"column":4},"end":{"line":5,"column":null}},"4":{"start":{"line":6,"column":4},"end":{"line":6,"column":null}},"5":{"start":{"line":3,"column":13},"end":{"line":3,"column":26}}},"fnMap":{"0":{"name":"(anonymous_0)","decl":{"start":{"line":3,"column":26},"end":{"line":3,"column":30}},"loc":{"start":{"line":3,"column":55},"end":{"line":7,"column":1}}}},"branchMap":{},"s":{"0":8,"1":8,"2":81,"3":81,"4":81,"5":8},"f":{"0":81},"b":{}}
,"D:\\projects\\hooks-for-react\\src\\inner-ref.ts": {"path":"D:\\projects\\hooks-for-react\\src\\inner-ref.ts","statementMap":{"0":{"start":{"line":1,"column":0},"end":{"line":1,"column":80}},"1":{"start":{"line":3,"column":27},"end":{"line":8,"column":1}},"2":{"start":{"line":4,"column":21},"end":{"line":4,"column":32}},"3":{"start":{"line":5,"column":4},"end":{"line":5,"column":null}},"4":{"start":{"line":5,"column":35},"end":{"line":5,"column":51}},"5":{"start":{"line":6,"column":4},"end":{"line":6,"column":null}},"6":{"start":{"line":7,"column":4},"end":{"line":7,"column":null}},"7":{"start":{"line":3,"column":13},"end":{"line":3,"column":27}}},"fnMap":{"0":{"name":"(anonymous_0)","decl":{"start":{"line":3,"column":27},"end":{"line":3,"column":31}},"loc":{"start":{"line":3,"column":55},"end":{"line":8,"column":1}}},"1":{"name":"(anonymous_1)","decl":{"start":{"line":5,"column":29},"end":{"line":5,"column":32}},"loc":{"start":{"line":5,"column":35},"end":{"line":5,"column":51}}}},"branchMap":{},"s":{"0":2,"1":2,"2":2,"3":2,"4":1,"5":2,"6":2,"7":2},"f":{"0":2,"1":1},"b":{}}
,"D:\\projects\\hooks-for-react\\src\\interval.abstract.ts": {"path":"D:\\projects\\hooks-for-react\\src\\interval.abstract.ts","statementMap":{"0":{"start":{"line":1,"column":0},"end":{"line":1,"column":84}},"1":{"start":{"line":3,"column":35},"end":{"line":19,"column":1}},"2":{"start":{"line":4,"column":19},"end":{"line":4,"column":69}},"3":{"start":{"line":5,"column":26},"end":{"line":10,"column":5}},"4":{"start":{"line":6,"column":20},"end":{"line":6,"column":30}},"5":{"start":{"line":7,"column":8},"end":{"line":7,"column":null}},"6":{"start":{"line":7,"column":42},"end":{"line":7,"column":null}},"7":{"start":{"line":8,"column":8},"end":{"line":8,"column":null}},"8":{"start":{"line":8,"column":53},"end":{"line":8,"column":84}},"9":{"start":{"line":9,"column":8},"end":{"line":9,"column":null}},"10":{"start":{"line":9,"column":37},"end":{"line":9,"column":null}},"11":{"start":{"line":11,"column":4},"end":{"line":17,"column":null}},"12":{"start":{"line":13,"column":12},"end":{"line":13,"column":null}},"13":{"start":{"line":13,"column":57},"end":{"line":13,"column":82}},"14":{"start":{"line":14,"column":12},"end":{"line":14,"column":null}},"15":{"start":{"line":14,"column":25},"end":{"line":14,"column":61}},"16":{"start":{"line":18,"column":4},"end":{"line":18,"column":null}},"17":{"start":{"line":3,"column":13},"end":{"line":3,"column":35}}},"fnMap":{"0":{"name":"(anonymous_0)","decl":{"start":{"line":3,"column":35},"end":{"line":3,"column":36}},"loc":{"start":{"line":3,"column":156},"end":{"line":19,"column":1}}},"1":{"name":"(anonymous_1)","decl":{"start":{"line":5,"column":26},"end":{"line":5,"column":27}},"loc":{"start":{"line":5,"column":55},"end":{"line":10,"column":5}}},"2":{"name":"(anonymous_2)","decl":{"start":{"line":8,"column":47},"end":{"line":8,"column":50}},"loc":{"start":{"line":8,"column":53},"end":{"line":8,"column":84}}},"3":{"name":"(anonymous_3)","decl":{"start":{"line":12,"column":8},"end":{"line":12,"column":11}},"loc":{"start":{"line":12,"column":13},"end":{"line":15,"column":9}}},"4":{"name":"(anonymous_4)","decl":{"start":{"line":13,"column":51},"end":{"line":13,"column":54}},"loc":{"start":{"line":13,"column":57},"end":{"line":13,"column":82}}},"5":{"name":"(anonymous_5)","decl":{"start":{"line":14,"column":19},"end":{"line":14,"column":22}},"loc":{"start":{"line":14,"column":25},"end":{"line":14,"column":61}}}},"branchMap":{"0":{"loc":{"start":{"line":3,"column":128},"end":{"line":3,"column":129}},"type":"default-arg","locations":[{"start":{"line":3,"column":128},"end":{"line":3,"column":129}}]},"1":{"loc":{"start":{"line":7,"column":8},"end":{"line":7,"column":null}},"type":"if","locations":[{"start":{"line":7,"column":8},"end":{"line":7,"column":null}},{"start":{"line":7,"column":8},"end":{"line":7,"column":null}}]},"2":{"loc":{"start":{"line":9,"column":8},"end":{"line":9,"column":null}},"type":"if","locations":[{"start":{"line":9,"column":8},"end":{"line":9,"column":null}},{"start":{"line":9,"column":8},"end":{"line":9,"column":null}}]}},"s":{"0":4,"1":4,"2":5,"3":5,"4":20,"5":20,"6":11,"7":20,"8":15,"9":20,"10":13,"11":5,"12":5,"13":5,"14":5,"15":5,"16":5,"17":4},"f":{"0":5,"1":20,"2":15,"3":5,"4":5,"5":5},"b":{"0":[1],"1":[11,9],"2":[13,7]}}
,"D:\\projects\\hooks-for-react\\src\\interval.ts": {"path":"D:\\projects\\hooks-for-react\\src\\interval.ts","statementMap":{"0":{"start":{"line":1,"column":0},"end":{"line":1,"column":82}},"1":{"start":{"line":2,"column":0},"end":{"line":2,"column":57}},"2":{"start":{"line":4,"column":27},"end":{"line":7,"column":1}},"3":{"start":{"line":5,"column":4},"end":{"line":5,"column":null}},"4":{"start":{"line":6,"column":4},"end":{"line":6,"column":null}},"5":{"start":{"line":4,"column":13},"end":{"line":4,"column":27}}},"fnMap":{"0":{"name":"(anonymous_0)","decl":{"start":{"line":4,"column":27},"end":{"line":4,"column":28}},"loc":{"start":{"line":4,"column":99},"end":{"line":7,"column":1}}}},"branchMap":{"0":{"loc":{"start":{"line":4,"column":71},"end":{"line":4,"column":72}},"type":"default-arg","locations":[{"start":{"line":4,"column":71},"end":{"line":4,"column":72}}]}},"s":{"0":2,"1":2,"2":2,"3":2,"4":2,"5":2},"f":{"0":2},"b":{"0":[1]}}
,"D:\\projects\\hooks-for-react\\src\\is-mount.ts": {"path":"D:\\projects\\hooks-for-react\\src\\is-mount.ts","statementMap":{"0":{"start":{"line":1,"column":0},"end":{"line":1,"column":62}},"1":{"start":{"line":3,"column":26},"end":{"line":16,"column":1}},"2":{"start":{"line":4,"column":25},"end":{"line":4,"column":38}},"3":{"start":{"line":5,"column":4},"end":{"line":13,"column":null}},"4":{"start":{"line":7,"column":12},"end":{"line":7,"column":null}},"5":{"start":{"line":8,"column":12},"end":{"line":10,"column":null}},"6":{"start":{"line":9,"column":16},"end":{"line":9,"column":null}},"7":{"start":{"line":14,"column":4},"end":{"line":14,"column":null}},"8":{"start":{"line":15,"column":4},"end":{"line":15,"column":null}},"9":{"start":{"line":3,"column":13},"end":{"line":3,"column":26}}},"fnMap":{"0":{"name":"(anonymous_0)","decl":{"start":{"line":3,"column":26},"end":{"line":3,"column":29}},"loc":{"start":{"line":3,"column":31},"end":{"line":16,"column":1}}},"1":{"name":"(anonymous_1)","decl":{"start":{"line":6,"column":8},"end":{"line":6,"column":11}},"loc":{"start":{"line":6,"column":13},"end":{"line":11,"column":9}}},"2":{"name":"(anonymous_2)","decl":{"start":{"line":8,"column":19},"end":{"line":8,"column":22}},"loc":{"start":{"line":8,"column":24},"end":{"line":10,"column":13}}}},"branchMap":{},"s":{"0":7,"1":7,"2":27,"3":27,"4":11,"5":11,"6":10,"7":27,"8":27,"9":7},"f":{"0":27,"1":11,"2":10},"b":{}}
,"D:\\projects\\hooks-for-react\\src\\layout-async-effect.ts": {"path":"D:\\projects\\hooks-for-react\\src\\layout-async-effect.ts","statementMap":{"0":{"start":{"line":1,"column":0},"end":{"line":1,"column":70}},"1":{"start":{"line":2,"column":0},"end":{"line":2,"column":45}},"2":{"start":{"line":4,"column":36},"end":{"line":7,"column":1}},"3":{"start":{"line":5,"column":4},"end":{"line":5,"column":null}},"4":{"start":{"line":6,"column":4},"end":{"line":6,"column":null}},"5":{"start":{"line":4,"column":13},"end":{"line":4,"column":36}}},"fnMap":{"0":{"name":"(anonymous_0)","decl":{"start":{"line":4,"column":36},"end":{"line":4,"column":37}},"loc":{"start":{"line":4,"column":147},"end":{"line":7,"column":1}}}},"branchMap":{},"s":{"0":2,"1":2,"2":2,"3":2,"4":2,"5":2},"f":{"0":2},"b":{}}
,"D:\\projects\\hooks-for-react\\src\\layout-efct.ts": {"path":"D:\\projects\\hooks-for-react\\src\\layout-efct.ts","statementMap":{"0":{"start":{"line":1,"column":0},"end":{"line":1,"column":70}},"1":{"start":{"line":3,"column":0},"end":{"line":3,"column":55}},"2":{"start":{"line":5,"column":45},"end":{"line":5,"column":145}},"3":{"start":{"line":5,"column":99},"end":{"line":5,"column":145}},"4":{"start":{"line":5,"column":13},"end":{"line":5,"column":45}}},"fnMap":{"0":{"name":"(anonymous_0)","decl":{"start":{"line":5,"column":45},"end":{"line":5,"column":62}},"loc":{"start":{"line":5,"column":99},"end":{"line":5,"column":145}}}},"branchMap":{},"s":{"0":4,"1":4,"2":4,"3":5,"4":4},"f":{"0":5},"b":{}}
,"D:\\projects\\hooks-for-react\\src\\layout-if.ts": {"path":"D:\\projects\\hooks-for-react\\src\\layout-if.ts","statementMap":{"0":{"start":{"line":1,"column":0},"end":{"line":1,"column":37}},"1":{"start":{"line":4,"column":0},"end":{"line":4,"column":45}},"2":{"start":{"line":5,"column":0},"end":{"line":5,"column":45}},"3":{"start":{"line":7,"column":41},"end":{"line":10,"column":1}},"4":{"start":{"line":8,"column":4},"end":{"line":8,"column":null}},"5":{"start":{"line":9,"column":4},"end":{"line":9,"column":null}},"6":{"start":{"line":7,"column":13},"end":{"line":7,"column":41}}},"fnMap":{"0":{"name":"(anonymous_0)","decl":{"start":{"line":7,"column":41},"end":{"line":7,"column":58}},"loc":{"start":{"line":7,"column":84},"end":{"line":10,"column":1}}}},"branchMap":{},"s":{"0":2,"1":2,"2":2,"3":2,"4":2,"5":2,"6":2},"f":{"0":2},"b":{}}
,"D:\\projects\\hooks-for-react\\src\\layout-interval.ts": {"path":"D:\\projects\\hooks-for-react\\src\\layout-interval.ts","statementMap":{"0":{"start":{"line":1,"column":0},"end":{"line":1,"column":99}},"1":{"start":{"line":2,"column":0},"end":{"line":2,"column":57}},"2":{"start":{"line":4,"column":33},"end":{"line":7,"column":1}},"3":{"start":{"line":5,"column":4},"end":{"line":5,"column":null}},"4":{"start":{"line":6,"column":4},"end":{"line":6,"column":null}},"5":{"start":{"line":4,"column":13},"end":{"line":4,"column":33}}},"fnMap":{"0":{"name":"(anonymous_0)","decl":{"start":{"line":4,"column":33},"end":{"line":4,"column":34}},"loc":{"start":{"line":4,"column":105},"end":{"line":7,"column":1}}}},"branchMap":{"0":{"loc":{"start":{"line":4,"column":77},"end":{"line":4,"column":78}},"type":"default-arg","locations":[{"start":{"line":4,"column":77},"end":{"line":4,"column":78}}]}},"s":{"0":2,"1":2,"2":2,"3":2,"4":2,"5":2},"f":{"0":2},"b":{"0":[1]}}
,"D:\\projects\\hooks-for-react\\src\\layout-mount.ts": {"path":"D:\\projects\\hooks-for-react\\src\\layout-mount.ts","statementMap":{"0":{"start":{"line":1,"column":0},"end":{"line":1,"column":37}},"1":{"start":{"line":3,"column":0},"end":{"line":3,"column":45}},"2":{"start":{"line":4,"column":0},"end":{"line":4,"column":51}},"3":{"start":{"line":6,"column":30},"end":{"line":9,"column":1}},"4":{"start":{"line":7,"column":4},"end":{"line":7,"column":null}},"5":{"start":{"line":8,"column":4},"end":{"line":8,"column":null}},"6":{"start":{"line":6,"column":13},"end":{"line":6,"column":30}}},"fnMap":{"0":{"name":"(anonymous_0)","decl":{"start":{"line":6,"column":30},"end":{"line":6,"column":31}},"loc":{"start":{"line":6,"column":49},"end":{"line":9,"column":1}}}},"branchMap":{},"s":{"0":2,"1":2,"2":2,"3":2,"4":1,"5":1,"6":2},"f":{"0":1},"b":{}}
,"D:\\projects\\hooks-for-react\\src\\layout-timeout.ts": {"path":"D:\\projects\\hooks-for-react\\src\\layout-timeout.ts","statementMap":{"0":{"start":{"line":1,"column":0},"end":{"line":1,"column":70}},"1":{"start":{"line":2,"column":0},"end":{"line":2,"column":55}},"2":{"start":{"line":4,"column":32},"end":{"line":7,"column":1}},"3":{"start":{"line":5,"column":4},"end":{"line":5,"column":null}},"4":{"start":{"line":6,"column":4},"end":{"line":6,"column":null}},"5":{"start":{"line":4,"column":13},"end":{"line":4,"column":32}}},"fnMap":{"0":{"name":"(anonymous_0)","decl":{"start":{"line":4,"column":32},"end":{"line":4,"column":33}},"loc":{"start":{"line":4,"column":104},"end":{"line":7,"column":1}}}},"branchMap":{"0":{"loc":{"start":{"line":4,"column":76},"end":{"line":4,"column":77}},"type":"default-arg","locations":[{"start":{"line":4,"column":76},"end":{"line":4,"column":77}}]}},"s":{"0":2,"1":2,"2":2,"3":2,"4":2,"5":2},"f":{"0":2},"b":{"0":[1]}}
,"D:\\projects\\hooks-for-react\\src\\log.ts": {"path":"D:\\projects\\hooks-for-react\\src\\log.ts","statementMap":{"0":{"start":{"line":1,"column":0},"end":{"line":1,"column":48}},"1":{"start":{"line":2,"column":0},"end":{"line":2,"column":45}},"2":{"start":{"line":4,"column":22},"end":{"line":19,"column":1}},"3":{"start":{"line":5,"column":17},"end":{"line":5,"column":27}},"4":{"start":{"line":6,"column":4},"end":{"line":9,"column":null}},"5":{"start":{"line":7,"column":26},"end":{"line":7,"column":34}},"6":{"start":{"line":8,"column":8},"end":{"line":8,"column":null}},"7":{"start":{"line":10,"column":4},"end":{"line":10,"column":null}},"8":{"start":{"line":11,"column":4},"end":{"line":17,"column":null}},"9":{"start":{"line":13,"column":12},"end":{"line":14,"column":null}},"10":{"start":{"line":13,"column":29},"end":{"line":13,"column":null}},"11":{"start":{"line":14,"column":17},"end":{"line":14,"column":null}},"12":{"start":{"line":18,"column":4},"end":{"line":18,"column":null}},"13":{"start":{"line":4,"column":13},"end":{"line":4,"column":22}}},"fnMap":{"0":{"name":"(anonymous_0)","decl":{"start":{"line":4,"column":22},"end":{"line":4,"column":68}},"loc":{"start":{"line":4,"column":83},"end":{"line":19,"column":1}}},"1":{"name":"(anonymous_1)","decl":{"start":{"line":12,"column":8},"end":{"line":12,"column":11}},"loc":{"start":{"line":12,"column":13},"end":{"line":15,"column":9}}}},"branchMap":{"0":{"loc":{"start":{"line":6,"column":4},"end":{"line":9,"column":null}},"type":"if","locations":[{"start":{"line":6,"column":4},"end":{"line":9,"column":null}},{"start":{"line":6,"column":4},"end":{"line":9,"column":null}}]},"1":{"loc":{"start":{"line":6,"column":8},"end":{"line":6,"column":26}},"type":"binary-expr","locations":[{"start":{"line":6,"column":8},"end":{"line":6,"column":26}},{"start":{"line":6,"column":30},"end":{"line":6,"column":48}}]},"2":{"loc":{"start":{"line":13,"column":12},"end":{"line":14,"column":null}},"type":"if","locations":[{"start":{"line":13,"column":12},"end":{"line":14,"column":null}},{"start":{"line":13,"column":12},"end":{"line":14,"column":null}}]}},"s":{"0":2,"1":2,"2":2,"3":4,"4":4,"5":2,"6":2,"7":4,"8":4,"9":4,"10":2,"11":2,"12":4,"13":2},"f":{"0":4,"1":4},"b":{"0":[2,2],"1":[4,4],"2":[2,2]}}
,"D:\\projects\\hooks-for-react\\src\\mount.abstract.ts": {"path":"D:\\projects\\hooks-for-react\\src\\mount.abstract.ts","statementMap":{"0":{"start":{"line":6,"column":32},"end":{"line":8,"column":1}},"1":{"start":{"line":7,"column":4},"end":{"line":7,"column":null}},"2":{"start":{"line":6,"column":13},"end":{"line":6,"column":32}}},"fnMap":{"0":{"name":"(anonymous_0)","decl":{"start":{"line":6,"column":32},"end":{"line":6,"column":33}},"loc":{"start":{"line":6,"column":96},"end":{"line":8,"column":1}}}},"branchMap":{},"s":{"0":4,"1":4,"2":4},"f":{"0":4},"b":{}}
,"D:\\projects\\hooks-for-react\\src\\mount.ts": {"path":"D:\\projects\\hooks-for-react\\src\\mount.ts","statementMap":{"0":{"start":{"line":1,"column":0},"end":{"line":1,"column":37}},"1":{"start":{"line":2,"column":0},"end":{"line":2,"column":32}},"2":{"start":{"line":4,"column":0},"end":{"line":4,"column":51}},"3":{"start":{"line":6,"column":24},"end":{"line":9,"column":1}},"4":{"start":{"line":7,"column":4},"end":{"line":7,"column":null}},"5":{"start":{"line":8,"column":4},"end":{"line":8,"column":null}},"6":{"start":{"line":6,"column":13},"end":{"line":6,"column":24}}},"fnMap":{"0":{"name":"(anonymous_0)","decl":{"start":{"line":6,"column":24},"end":{"line":6,"column":25}},"loc":{"start":{"line":6,"column":43},"end":{"line":9,"column":1}}}},"branchMap":{},"s":{"0":3,"1":3,"2":3,"3":3,"4":3,"5":3,"6":3},"f":{"0":3},"b":{}}
,"D:\\projects\\hooks-for-react\\src\\ordered-async.abstract.ts": {"path":"D:\\projects\\hooks-for-react\\src\\ordered-async.abstract.ts","statementMap":{"0":{"start":{"line":1,"column":0},"end":{"line":1,"column":46}},"1":{"start":{"line":6,"column":39},"end":{"line":21,"column":1}},"2":{"start":{"line":7,"column":26},"end":{"line":7,"column":49}},"3":{"start":{"line":8,"column":4},"end":{"line":20,"column":null}},"4":{"start":{"line":10,"column":27},"end":{"line":14,"column":16}},"5":{"start":{"line":11,"column":35},"end":{"line":11,"column":56}},"6":{"start":{"line":12,"column":16},"end":{"line":12,"column":null}},"7":{"start":{"line":13,"column":16},"end":{"line":13,"column":null}},"8":{"start":{"line":15,"column":12},"end":{"line":17,"column":null}},"9":{"start":{"line":16,"column":16},"end":{"line":16,"column":null}},"10":{"start":{"line":6,"column":13},"end":{"line":6,"column":39}}},"fnMap":{"0":{"name":"(anonymous_0)","decl":{"start":{"line":6,"column":39},"end":{"line":6,"column":40}},"loc":{"start":{"line":6,"column":133},"end":{"line":21,"column":1}}},"1":{"name":"(anonymous_1)","decl":{"start":{"line":9,"column":8},"end":{"line":9,"column":9}},"loc":{"start":{"line":9,"column":20},"end":{"line":18,"column":9}}},"2":{"name":"(anonymous_2)","decl":{"start":{"line":10,"column":28},"end":{"line":10,"column":33}},"loc":{"start":{"line":10,"column":39},"end":{"line":14,"column":13}}},"3":{"name":"(anonymous_3)","decl":{"start":{"line":15,"column":19},"end":{"line":15,"column":22}},"loc":{"start":{"line":15,"column":24},"end":{"line":17,"column":13}}}},"branchMap":{},"s":{"0":1,"1":1,"2":8,"3":8,"4":8,"5":8,"6":8,"7":8,"8":8,"9":8,"10":1},"f":{"0":8,"1":8,"2":8,"3":8},"b":{}}
,"D:\\projects\\hooks-for-react\\src\\ordered-async.ts": {"path":"D:\\projects\\hooks-for-react\\src\\ordered-async.ts","statementMap":{"0":{"start":{"line":1,"column":0},"end":{"line":1,"column":53}},"1":{"start":{"line":2,"column":0},"end":{"line":2,"column":32}},"2":{"start":{"line":4,"column":0},"end":{"line":4,"column":66}},"3":{"start":{"line":6,"column":31},"end":{"line":9,"column":1}},"4":{"start":{"line":7,"column":4},"end":{"line":7,"column":null}},"5":{"start":{"line":8,"column":4},"end":{"line":8,"column":null}},"6":{"start":{"line":6,"column":13},"end":{"line":6,"column":31}}},"fnMap":{"0":{"name":"(anonymous_0)","decl":{"start":{"line":6,"column":31},"end":{"line":6,"column":32}},"loc":{"start":{"line":6,"column":91},"end":{"line":9,"column":1}}}},"branchMap":{},"s":{"0":1,"1":1,"2":1,"3":1,"4":8,"5":8,"6":1},"f":{"0":8},"b":{}}
,"D:\\projects\\hooks-for-react\\src\\render.ts": {"path":"D:\\projects\\hooks-for-react\\src\\render.ts","statementMap":{"0":{"start":{"line":1,"column":0},"end":{"line":1,"column":49}},"1":{"start":{"line":2,"column":0},"end":{"line":2,"column":38}},"2":{"start":{"line":3,"column":0},"end":{"line":3,"column":39}},"3":{"start":{"line":5,"column":25},"end":{"line":13,"column":1}},"4":{"start":{"line":6,"column":30},"end":{"line":6,"column":71}},"5":{"start":{"line":6,"column":59},"end":{"line":6,"column":67}},"6":{"start":{"line":7,"column":27},"end":{"line":7,"column":39}},"7":{"start":{"line":8,"column":19},"end":{"line":10,"column":6}},"8":{"start":{"line":8,"column":36},"end":{"line":10,"column":5}},"9":{"start":{"line":9,"column":8},"end":{"line":9,"column":null}},"10":{"start":{"line":9,"column":32},"end":{"line":9,"column":null}},"11":{"start":{"line":11,"column":4},"end":{"line":11,"column":null}},"12":{"start":{"line":12,"column":4},"end":{"line":12,"column":null}},"13":{"start":{"line":5,"column":13},"end":{"line":5,"column":25}}},"fnMap":{"0":{"name":"(anonymous_0)","decl":{"start":{"line":5,"column":25},"end":{"line":5,"column":28}},"loc":{"start":{"line":5,"column":30},"end":{"line":13,"column":1}}},"1":{"name":"(anonymous_1)","decl":{"start":{"line":6,"column":41},"end":{"line":6,"column":42}},"loc":{"start":{"line":6,"column":59},"end":{"line":6,"column":67}}},"2":{"name":"(anonymous_2)","decl":{"start":{"line":8,"column":30},"end":{"line":8,"column":33}},"loc":{"start":{"line":8,"column":36},"end":{"line":10,"column":5}}},"3":{"name":"(anonymous_3)","decl":{"start":{"line":8,"column":36},"end":{"line":8,"column":39}},"loc":{"start":{"line":8,"column":41},"end":{"line":10,"column":5}}}},"branchMap":{"0":{"loc":{"start":{"line":9,"column":8},"end":{"line":9,"column":null}},"type":"if","locations":[{"start":{"line":9,"column":8},"end":{"line":9,"column":null}},{"start":{"line":9,"column":8},"end":{"line":9,"column":null}}]}},"s":{"0":7,"1":7,"2":7,"3":7,"4":27,"5":18,"6":27,"7":27,"8":11,"9":14,"10":13,"11":27,"12":27,"13":7},"f":{"0":27,"1":18,"2":11,"3":14},"b":{"0":[13,1]}}
,"D:\\projects\\hooks-for-react\\src\\run.ts": {"path":"D:\\projects\\hooks-for-react\\src\\run.ts","statementMap":{"0":{"start":{"line":1,"column":0},"end":{"line":1,"column":72}},"1":{"start":{"line":2,"column":0},"end":{"line":2,"column":47}},"2":{"start":{"line":3,"column":0},"end":{"line":3,"column":38}},"3":{"start":{"line":5,"column":22},"end":{"line":16,"column":1}},"4":{"start":{"line":6,"column":4},"end":{"line":6,"column":null}},"5":{"start":{"line":7,"column":24},"end":{"line":7,"column":36}},"6":{"start":{"line":8,"column":21},"end":{"line":8,"column":40}},"7":{"start":{"line":9,"column":26},"end":{"line":9,"column":38}},"8":{"start":{"line":10,"column":23},"end":{"line":10,"column":44}},"9":{"start":{"line":11,"column":4},"end":{"line":11,"column":null}},"10":{"start":{"line":11,"column":51},"end":{"line":11,"column":null}},"11":{"start":{"line":12,"column":4},"end":{"line":12,"column":null}},"12":{"start":{"line":13,"column":4},"end":{"line":13,"column":null}},"13":{"start":{"line":13,"column":22},"end":{"line":13,"column":52}},"14":{"start":{"line":14,"column":4},"end":{"line":14,"column":null}},"15":{"start":{"line":15,"column":4},"end":{"line":15,"column":null}},"16":{"start":{"line":5,"column":13},"end":{"line":5,"column":22}}},"fnMap":{"0":{"name":"(anonymous_0)","decl":{"start":{"line":5,"column":22},"end":{"line":5,"column":23}},"loc":{"start":{"line":5,"column":69},"end":{"line":16,"column":1}}},"1":{"name":"(anonymous_1)","decl":{"start":{"line":13,"column":14},"end":{"line":13,"column":17}},"loc":{"start":{"line":13,"column":19},"end":{"line":13,"column":53}}}},"branchMap":{"0":{"loc":{"start":{"line":11,"column":4},"end":{"line":11,"column":null}},"type":"if","locations":[{"start":{"line":11,"column":4},"end":{"line":11,"column":null}},{"start":{"line":11,"column":4},"end":{"line":11,"column":null}}]},"1":{"loc":{"start":{"line":11,"column":8},"end":{"line":11,"column":19}},"type":"binary-expr","locations":[{"start":{"line":11,"column":8},"end":{"line":11,"column":19}},{"start":{"line":11,"column":23},"end":{"line":11,"column":49}}]}},"s":{"0":7,"1":7,"2":7,"3":7,"4":30,"5":30,"6":30,"7":30,"8":30,"9":30,"10":2,"11":30,"12":30,"13":12,"14":30,"15":30,"16":7},"f":{"0":30,"1":12},"b":{"0":[2,28],"1":[30,18]}}
,"D:\\projects\\hooks-for-react\\src\\same-callback.ts": {"path":"D:\\projects\\hooks-for-react\\src\\same-callback.ts","statementMap":{"0":{"start":{"line":1,"column":0},"end":{"line":1,"column":50}},"1":{"start":{"line":3,"column":31},"end":{"line":7,"column":1}},"2":{"start":{"line":4,"column":19},"end":{"line":4,"column":44}},"3":{"start":{"line":5,"column":4},"end":{"line":5,"column":null}},"4":{"start":{"line":6,"column":4},"end":{"line":6,"column":null}},"5":{"start":{"line":3,"column":13},"end":{"line":3,"column":31}}},"fnMap":{"0":{"name":"(anonymous_0)","decl":{"start":{"line":3,"column":31},"end":{"line":3,"column":67}},"loc":{"start":{"line":3,"column":85},"end":{"line":7,"column":1}}}},"branchMap":{},"s":{"0":2,"1":2,"2":2,"3":2,"4":2,"5":2},"f":{"0":2},"b":{}}
,"D:\\projects\\hooks-for-react\\src\\style.ts": {"path":"D:\\projects\\hooks-for-react\\src\\style.ts","statementMap":{"0":{"start":{"line":1,"column":0},"end":{"line":1,"column":77}},"1":{"start":{"line":3,"column":24},"end":{"line":7,"column":1}},"2":{"start":{"line":4,"column":19},"end":{"line":4,"column":41}},"3":{"start":{"line":5,"column":4},"end":{"line":5,"column":null}},"4":{"start":{"line":6,"column":4},"end":{"line":6,"column":null}},"5":{"start":{"line":3,"column":13},"end":{"line":3,"column":24}}},"fnMap":{"0":{"name":"(anonymous_0)","decl":{"start":{"line":3,"column":24},"end":{"line":3,"column":25}},"loc":{"start":{"line":3,"column":79},"end":{"line":7,"column":1}}}},"branchMap":{},"s":{"0":2,"1":2,"2":2,"3":2,"4":2,"5":2},"f":{"0":2},"b":{}}
,"D:\\projects\\hooks-for-react\\src\\super-ref.ts": {"path":"D:\\projects\\hooks-for-react\\src\\super-ref.ts","statementMap":{"0":{"start":{"line":1,"column":0},"end":{"line":1,"column":88}},"1":{"start":{"line":2,"column":0},"end":{"line":2,"column":49}},"2":{"start":{"line":4,"column":0},"end":{"line":4,"column":30}},"3":{"start":{"line":14,"column":40},"end":{"line":19,"column":1}},"4":{"start":{"line":15,"column":16},"end":{"line":15,"column":27}},"5":{"start":{"line":16,"column":4},"end":{"line":16,"column":null}},"6":{"start":{"line":16,"column":17},"end":{"line":16,"column":83}},"7":{"start":{"line":17,"column":4},"end":{"line":17,"column":null}},"8":{"start":{"line":18,"column":4},"end":{"line":18,"column":null}},"9":{"start":{"line":14,"column":13},"end":{"line":14,"column":40}}},"fnMap":{"0":{"name":"(anonymous_0)","decl":{"start":{"line":14,"column":40},"end":{"line":14,"column":44}},"loc":{"start":{"line":14,"column":105},"end":{"line":19,"column":1}}},"1":{"name":"(anonymous_1)","decl":{"start":{"line":16,"column":11},"end":{"line":16,"column":14}},"loc":{"start":{"line":16,"column":17},"end":{"line":16,"column":83}}}},"branchMap":{"0":{"loc":{"start":{"line":14,"column":99},"end":{"line":14,"column":101}},"type":"default-arg","locations":[{"start":{"line":14,"column":99},"end":{"line":14,"column":101}}]},"1":{"loc":{"start":{"line":16,"column":53},"end":{"line":16,"column":73}},"type":"cond-expr","locations":[{"start":{"line":16,"column":53},"end":{"line":16,"column":73}},{"start":{"line":16,"column":76},"end":{"line":16,"column":83}}]}},"s":{"0":2,"1":2,"2":2,"3":2,"4":6,"5":6,"6":4,"7":6,"8":6,"9":2},"f":{"0":6,"1":4},"b":{"0":[4],"1":[3,1]}}
,"D:\\projects\\hooks-for-react\\src\\super-state.ts": {"path":"D:\\projects\\hooks-for-react\\src\\super-state.ts","statementMap":{"0":{"start":{"line":1,"column":0},"end":{"line":1,"column":49}},"1":{"start":{"line":2,"column":0},"end":{"line":2,"column":105}},"2":{"start":{"line":3,"column":0},"end":{"line":3,"column":36}},"3":{"start":{"line":4,"column":0},"end":{"line":4,"column":30}},"4":{"start":{"line":5,"column":0},"end":{"line":5,"column":38}},"5":{"start":{"line":16,"column":44},"end":{"line":27,"column":1}},"6":{"start":{"line":17,"column":19},"end":{"line":17,"column":30}},"7":{"start":{"line":18,"column":16},"end":{"line":18,"column":27}},"8":{"start":{"line":19,"column":21},"end":{"line":23,"column":6}},"9":{"start":{"line":19,"column":38},"end":{"line":23,"column":5}},"10":{"start":{"line":20,"column":21},"end":{"line":20,"column":32}},"11":{"start":{"line":21,"column":8},"end":{"line":21,"column":null}},"12":{"start":{"line":22,"column":8},"end":{"line":22,"column":null}},"13":{"start":{"line":22,"column":34},"end":{"line":22,"column":null}},"14":{"start":{"line":24,"column":4},"end":{"line":24,"column":null}},"15":{"start":{"line":24,"column":17},"end":{"line":24,"column":83}},"16":{"start":{"line":25,"column":4},"end":{"line":25,"column":null}},"17":{"start":{"line":26,"column":4},"end":{"line":26,"column":null}},"18":{"start":{"line":16,"column":13},"end":{"line":16,"column":44}}},"fnMap":{"0":{"name":"(anonymous_0)","decl":{"start":{"line":16,"column":44},"end":{"line":16,"column":48}},"loc":{"start":{"line":16,"column":109},"end":{"line":27,"column":1}}},"1":{"name":"(anonymous_1)","decl":{"start":{"line":19,"column":32},"end":{"line":19,"column":35}},"loc":{"start":{"line":19,"column":38},"end":{"line":23,"column":5}}},"2":{"name":"(anonymous_2)","decl":{"start":{"line":19,"column":38},"end":{"line":19,"column":39}},"loc":{"start":{"line":19,"column":68},"end":{"line":23,"column":5}}},"3":{"name":"(anonymous_3)","decl":{"start":{"line":24,"column":11},"end":{"line":24,"column":14}},"loc":{"start":{"line":24,"column":17},"end":{"line":24,"column":83}}}},"branchMap":{"0":{"loc":{"start":{"line":16,"column":103},"end":{"line":16,"column":105}},"type":"default-arg","locations":[{"start":{"line":16,"column":103},"end":{"line":16,"column":105}}]},"1":{"loc":{"start":{"line":21,"column":42},"end":{"line":21,"column":53}},"type":"cond-expr","locations":[{"start":{"line":21,"column":42},"end":{"line":21,"column":53}},{"start":{"line":21,"column":56},"end":{"line":21,"column":61}}]},"2":{"loc":{"start":{"line":22,"column":8},"end":{"line":22,"column":null}},"type":"if","locations":[{"start":{"line":22,"column":8},"end":{"line":22,"column":null}},{"start":{"line":22,"column":8},"end":{"line":22,"column":null}}]},"3":{"loc":{"start":{"line":24,"column":53},"end":{"line":24,"column":73}},"type":"cond-expr","locations":[{"start":{"line":24,"column":53},"end":{"line":24,"column":73}},{"start":{"line":24,"column":76},"end":{"line":24,"column":83}}]}},"s":{"0":6,"1":6,"2":6,"3":6,"4":6,"5":6,"6":24,"7":24,"8":24,"9":9,"10":14,"11":14,"12":14,"13":12,"14":24,"15":10,"16":24,"17":24,"18":6},"f":{"0":24,"1":9,"2":14,"3":10},"b":{"0":[22],"1":[9,5],"2":[12,2],"3":[3,7]}}
,"D:\\projects\\hooks-for-react\\src\\timeout.abstract.ts": {"path":"D:\\projects\\hooks-for-react\\src\\timeout.abstract.ts","statementMap":{"0":{"start":{"line":1,"column":0},"end":{"line":1,"column":84}},"1":{"start":{"line":3,"column":34},"end":{"line":25,"column":1}},"2":{"start":{"line":9,"column":19},"end":{"line":9,"column":69}},"3":{"start":{"line":10,"column":26},"end":{"line":16,"column":5}},"4":{"start":{"line":11,"column":8},"end":{"line":11,"column":null}},"5":{"start":{"line":11,"column":53},"end":{"line":11,"column":84}},"6":{"start":{"line":12,"column":8},"end":{"line":15,"column":null}},"7":{"start":{"line":13,"column":12},"end":{"line":13,"column":null}},"8":{"start":{"line":14,"column":12},"end":{"line":14,"column":null}},"9":{"start":{"line":17,"column":4},"end":{"line":23,"column":null}},"10":{"start":{"line":19,"column":12},"end":{"line":19,"column":null}},"11":{"start":{"line":19,"column":57},"end":{"line":19,"column":82}},"12":{"start":{"line":20,"column":12},"end":{"line":20,"column":null}},"13":{"start":{"line":20,"column":25},"end":{"line":20,"column":61}},"14":{"start":{"line":24,"column":4},"end":{"line":24,"column":null}},"15":{"start":{"line":3,"column":13},"end":{"line":3,"column":34}}},"fnMap":{"0":{"name":"(anonymous_0)","decl":{"start":{"line":3,"column":34},"end":{"line":3,"column":null}},"loc":{"start":{"line":8,"column":4},"end":{"line":25,"column":1}}},"1":{"name":"(anonymous_1)","decl":{"start":{"line":10,"column":26},"end":{"line":10,"column":27}},"loc":{"start":{"line":10,"column":55},"end":{"line":16,"column":5}}},"2":{"name":"(anonymous_2)","decl":{"start":{"line":11,"column":47},"end":{"line":11,"column":50}},"loc":{"start":{"line":11,"column":53},"end":{"line":11,"column":84}}},"3":{"name":"(anonymous_3)","decl":{"start":{"line":18,"column":8},"end":{"line":18,"column":11}},"loc":{"start":{"line":18,"column":13},"end":{"line":21,"column":9}}},"4":{"name":"(anonymous_4)","decl":{"start":{"line":19,"column":51},"end":{"line":19,"column":54}},"loc":{"start":{"line":19,"column":57},"end":{"line":19,"column":82}}},"5":{"name":"(anonymous_5)","decl":{"start":{"line":20,"column":19},"end":{"line":20,"column":22}},"loc":{"start":{"line":20,"column":25},"end":{"line":20,"column":61}}}},"branchMap":{"0":{"loc":{"start":{"line":6,"column":9},"end":{"line":6,"column":10}},"type":"default-arg","locations":[{"start":{"line":6,"column":9},"end":{"line":6,"column":10}}]},"1":{"loc":{"start":{"line":12,"column":8},"end":{"line":15,"column":null}},"type":"if","locations":[{"start":{"line":12,"column":8},"end":{"line":15,"column":null}},{"start":{"line":12,"column":8},"end":{"line":15,"column":null}}]}},"s":{"0":4,"1":4,"2":5,"3":5,"4":7,"5":2,"6":7,"7":5,"8":5,"9":5,"10":5,"11":5,"12":5,"13":5,"14":5,"15":4},"f":{"0":5,"1":7,"2":2,"3":5,"4":5,"5":5},"b":{"0":[1],"1":[5,2]}}
,"D:\\projects\\hooks-for-react\\src\\timeout.ts": {"path":"D:\\projects\\hooks-for-react\\src\\timeout.ts","statementMap":{"0":{"start":{"line":1,"column":0},"end":{"line":1,"column":82}},"1":{"start":{"line":2,"column":0},"end":{"line":2,"column":55}},"2":{"start":{"line":4,"column":26},"end":{"line":7,"column":1}},"3":{"start":{"line":5,"column":4},"end":{"line":5,"column":null}},"4":{"start":{"line":6,"column":4},"end":{"line":6,"column":null}},"5":{"start":{"line":4,"column":13},"end":{"line":4,"column":26}}},"fnMap":{"0":{"name":"(anonymous_0)","decl":{"start":{"line":4,"column":26},"end":{"line":4,"column":27}},"loc":{"start":{"line":4,"column":98},"end":{"line":7,"column":1}}}},"branchMap":{"0":{"loc":{"start":{"line":4,"column":70},"end":{"line":4,"column":71}},"type":"default-arg","locations":[{"start":{"line":4,"column":70},"end":{"line":4,"column":71}}]}},"s":{"0":2,"1":2,"2":2,"3":2,"4":2,"5":2},"f":{"0":2},"b":{"0":[1]}}
,"D:\\projects\\hooks-for-react\\src\\unmount.ts": {"path":"D:\\projects\\hooks-for-react\\src\\unmount.ts","statementMap":{"0":{"start":{"line":1,"column":0},"end":{"line":1,"column":48}},"1":{"start":{"line":3,"column":26},"end":{"line":7,"column":1}},"2":{"start":{"line":4,"column":4},"end":{"line":4,"column":null}},"3":{"start":{"line":5,"column":4},"end":{"line":5,"column":null}},"4":{"start":{"line":5,"column":20},"end":{"line":5,"column":41}},"5":{"start":{"line":5,"column":26},"end":{"line":5,"column":41}},"6":{"start":{"line":6,"column":4},"end":{"line":6,"column":null}},"7":{"start":{"line":3,"column":13},"end":{"line":3,"column":26}}},"fnMap":{"0":{"name":"(anonymous_0)","decl":{"start":{"line":3,"column":26},"end":{"line":3,"column":67}},"loc":{"start":{"line":3,"column":82},"end":{"line":7,"column":1}}},"1":{"name":"(anonymous_1)","decl":{"start":{"line":5,"column":14},"end":{"line":5,"column":17}},"loc":{"start":{"line":5,"column":20},"end":{"line":5,"column":41}}},"2":{"name":"(anonymous_2)","decl":{"start":{"line":5,"column":20},"end":{"line":5,"column":23}},"loc":{"start":{"line":5,"column":26},"end":{"line":5,"column":41}}}},"branchMap":{},"s":{"0":2,"1":2,"2":1,"3":1,"4":1,"5":1,"6":1,"7":2},"f":{"0":1,"1":1,"2":1},"b":{}}
,"D:\\projects\\hooks-for-react\\src\\common\\create-class-name.ts": {"path":"D:\\projects\\hooks-for-react\\src\\common\\create-class-name.ts","statementMap":{"0":{"start":{"line":1,"column":31},"end":{"line":1,"column":99}},"1":{"start":{"line":1,"column":64},"end":{"line":1,"column":99}},"2":{"start":{"line":1,"column":13},"end":{"line":1,"column":31}}},"fnMap":{"0":{"name":"(anonymous_0)","decl":{"start":{"line":1,"column":31},"end":{"line":1,"column":32}},"loc":{"start":{"line":1,"column":64},"end":{"line":1,"column":99}}}},"branchMap":{},"s":{"0":2,"1":2,"2":2},"f":{"0":2},"b":{}}
,"D:\\projects\\hooks-for-react\\src\\common\\deps-equal.ts": {"path":"D:\\projects\\hooks-for-react\\src\\common\\deps-equal.ts","statementMap":{"0":{"start":{"line":3,"column":25},"end":{"line":9,"column":1}},"1":{"start":{"line":5,"column":4},"end":{"line":5,"column":null}},"2":{"start":{"line":5,"column":48},"end":{"line":5,"column":null}},"3":{"start":{"line":7,"column":4},"end":{"line":7,"column":null}},"4":{"start":{"line":7,"column":17},"end":{"line":7,"column":18}},"5":{"start":{"line":7,"column":47},"end":{"line":7,"column":null}},"6":{"start":{"line":7,"column":83},"end":{"line":7,"column":null}},"7":{"start":{"line":8,"column":4},"end":{"line":8,"column":null}},"8":{"start":{"line":3,"column":13},"end":{"line":3,"column":25}}},"fnMap":{"0":{"name":"(anonymous_0)","decl":{"start":{"line":3,"column":25},"end":{"line":3,"column":26}},"loc":{"start":{"line":3,"column":83},"end":{"line":9,"column":1}}}},"branchMap":{"0":{"loc":{"start":{"line":5,"column":4},"end":{"line":5,"column":null}},"type":"if","locations":[{"start":{"line":5,"column":4},"end":{"line":5,"column":null}},{"start":{"line":5,"column":4},"end":{"line":5,"column":null}}]},"1":{"loc":{"start":{"line":7,"column":47},"end":{"line":7,"column":null}},"type":"if","locations":[{"start":{"line":7,"column":47},"end":{"line":7,"column":null}},{"start":{"line":7,"column":47},"end":{"line":7,"column":null}}]}},"s":{"0":8,"1":21,"2":1,"3":20,"4":20,"5":4,"6":3,"7":17,"8":8},"f":{"0":21},"b":{"0":[1,20],"1":[3,1]}}
,"D:\\projects\\hooks-for-react\\src\\common\\is-function.ts": {"path":"D:\\projects\\hooks-for-react\\src\\common\\is-function.ts","statementMap":{"0":{"start":{"line":1,"column":26},"end":{"line":1,"column":203}},"1":{"start":{"line":1,"column":71},"end":{"line":1,"column":203}},"2":{"start":{"line":1,"column":13},"end":{"line":1,"column":26}}},"fnMap":{"0":{"name":"(anonymous_0)","decl":{"start":{"line":1,"column":26},"end":{"line":1,"column":27}},"loc":{"start":{"line":1,"column":71},"end":{"line":1,"column":203}}}},"branchMap":{"0":{"loc":{"start":{"line":1,"column":71},"end":{"line":1,"column":76}},"type":"binary-expr","locations":[{"start":{"line":1,"column":71},"end":{"line":1,"column":76}},{"start":{"line":1,"column":81},"end":{"line":1,"column":142}},{"start":{"line":1,"column":146},"end":{"line":1,"column":173}},{"start":{"line":1,"column":177},"end":{"line":1,"column":202}}]}},"s":{"0":7,"1":28,"2":7},"f":{"0":28},"b":{"0":[28,17,2,2]}}
,"D:\\projects\\hooks-for-react\\src\\common\\is-object.ts": {"path":"D:\\projects\\hooks-for-react\\src\\common\\is-object.ts","statementMap":{"0":{"start":{"line":1,"column":24},"end":{"line":1,"column":117}},"1":{"start":{"line":1,"column":34},"end":{"line":1,"column":117}},"2":{"start":{"line":1,"column":13},"end":{"line":1,"column":24}}},"fnMap":{"0":{"name":"(anonymous_0)","decl":{"start":{"line":1,"column":24},"end":{"line":1,"column":30}},"loc":{"start":{"line":1,"column":34},"end":{"line":1,"column":117}}}},"branchMap":{"0":{"loc":{"start":{"line":1,"column":34},"end":{"line":1,"column":59}},"type":"binary-expr","locations":[{"start":{"line":1,"column":34},"end":{"line":1,"column":59}},{"start":{"line":1,"column":63},"end":{"line":1,"column":87}},{"start":{"line":1,"column":91},"end":{"line":1,"column":117}}]}},"s":{"0":2,"1":4,"2":2},"f":{"0":4},"b":{"0":[4,2,2]}}
}
