TN:
SF:src\async-effect.ts
FN:5,(anonymous_0)
FNF:1
FNH:1
FNDA:16,(anonymous_0)
DA:1,8
DA:2,8
DA:5,8
DA:6,16
DA:7,16
LF:5
LH:5
BRF:0
BRH:0
end_of_record
TN:
SF:src\bind-ref.ts
FN:4,(anonymous_0)
FN:5,(anonymous_1)
FNF:2
FNH:2
FNDA:2,(anonymous_0)
FNDA:2,(anonymous_1)
DA:1,8
DA:2,8
DA:4,8
DA:5,2
DA:6,2
DA:7,2
LF:6
LH:6
BRF:0
BRH:0
end_of_record
TN:
SF:src\bind-state.ts
FN:4,(anonymous_0)
FN:5,(anonymous_1)
FNF:2
FNH:2
FNDA:2,(anonymous_0)
FNDA:2,(anonymous_1)
DA:1,9
DA:2,9
DA:4,9
DA:5,2
DA:6,2
DA:7,2
LF:6
LH:6
BRF:0
BRH:0
end_of_record
TN:
SF:src\class-name.ts
FN:4,(anonymous_0)
FN:5,(anonymous_1)
FNF:2
FNH:2
FNDA:2,(anonymous_0)
FNDA:2,(anonymous_1)
DA:1,9
DA:2,9
DA:4,9
DA:5,2
DA:6,2
DA:7,2
LF:6
LH:6
BRF:0
BRH:0
end_of_record
TN:
SF:src\efct.abstract.ts
FN:23,(anonymous_0)
FN:27,(anonymous_1)
FN:29,(anonymous_2)
FN:32,(anonymous_3)
FN:40,(anonymous_4)
FN:40,(anonymous_5)
FN:46,(anonymous_6)
FNF:7
FNH:7
FNDA:27,(anonymous_0)
FNDA:26,(anonymous_1)
FNDA:7,(anonymous_2)
FNDA:26,(anonymous_3)
FNDA:15,(anonymous_4)
FNDA:15,(anonymous_5)
FNDA:2,(anonymous_6)
DA:1,8
DA:2,8
DA:23,8
DA:24,27
DA:25,27
DA:26,27
DA:28,26
DA:29,26
DA:30,26
DA:31,26
DA:32,26
DA:33,26
DA:34,26
DA:35,26
DA:40,27
DA:41,15
DA:42,15
DA:43,15
DA:44,10
DA:45,10
DA:46,10
LF:21
LH:21
BRDA:29,0,0,7
BRDA:29,0,1,2
BRDA:31,1,0,1
BRDA:31,1,1,25
BRDA:31,2,0,26
BRDA:31,2,1,19
BRDA:33,3,0,18
BRDA:33,3,1,8
BRDA:33,4,0,26
BRDA:33,4,1,19
BRDA:33,5,0,9
BRDA:33,5,1,9
BRDA:40,6,0,6
BRDA:40,7,0,3
BRDA:43,8,0,10
BRDA:43,8,1,5
BRDA:46,9,0,2
BRDA:46,9,1,8
BRDA:46,10,0,10
BRDA:46,10,1,6
BRF:20
BRH:20
end_of_record
TN:
SF:src\efct.ts
FN:4,(anonymous_0)
FNF:1
FNH:1
FNDA:22,(anonymous_0)
DA:1,8
DA:2,8
DA:4,22
LF:3
LH:3
BRF:0
BRH:0
end_of_record
TN:
SF:src\hover.ts
FN:9,(anonymous_0)
FN:12,(anonymous_1)
FN:15,(anonymous_2)
FN:16,(anonymous_3)
FN:19,(anonymous_4)
FNF:5
FNH:5
FNDA:7,(anonymous_0)
FNDA:5,(anonymous_1)
FNDA:2,(anonymous_2)
FNDA:2,(anonymous_3)
FNDA:4,(anonymous_4)
DA:1,9
DA:2,9
DA:9,9
DA:10,7
DA:11,7
DA:13,5
DA:14,5
DA:15,4
DA:16,4
DA:17,4
DA:18,4
DA:19,4
DA:20,4
DA:21,4
DA:27,7
DA:28,7
LF:16
LH:16
BRDA:9,0,0,3
BRDA:9,1,0,1
BRDA:9,2,0,3
BRDA:14,3,0,4
BRDA:14,3,1,1
BRDA:14,4,0,5
BRDA:14,4,1,4
BRF:7
BRH:7
end_of_record
TN:
SF:src\if.abstract.ts
FN:5,(anonymous_0)
FN:6,(anonymous_1)
FNF:2
FNH:2
FNDA:5,(anonymous_0)
FNDA:5,(anonymous_1)
DA:5,8
DA:7,5
LF:2
LH:2
BRDA:7,0,0,2
BRDA:7,0,1,3
BRF:2
BRH:2
end_of_record
TN:
SF:src\if.ts
FN:6,(anonymous_0)
FNF:1
FNH:1
FNDA:3,(anonymous_0)
DA:1,8
DA:2,8
DA:4,8
DA:6,8
DA:7,3
DA:8,3
LF:6
LH:6
BRF:0
BRH:0
end_of_record
TN:
SF:src\index.ts
FNF:0
FNH:0
DA:1,8
DA:2,8
DA:3,8
DA:4,8
DA:5,8
DA:6,8
DA:7,8
DA:8,8
DA:9,8
DA:10,8
DA:11,8
DA:12,8
DA:13,8
DA:14,8
DA:15,8
DA:16,8
DA:17,8
DA:18,8
DA:19,8
DA:20,8
DA:21,8
DA:22,8
DA:23,8
DA:24,8
DA:25,8
LF:25
LH:25
BRF:0
BRH:0
end_of_record
TN:
SF:src\initial.ts
FN:3,(anonymous_0)
FNF:1
FNH:1
FNDA:108,(anonymous_0)
DA:1,12
DA:3,12
DA:4,108
DA:5,108
DA:6,108
LF:5
LH:5
BRF:0
BRH:0
end_of_record
TN:
SF:src\inner-ref.ts
FN:3,(anonymous_0)
FN:5,(anonymous_1)
FNF:2
FNH:2
FNDA:2,(anonymous_0)
FNDA:1,(anonymous_1)
DA:1,9
DA:3,9
DA:4,2
DA:5,2
DA:6,2
DA:7,2
LF:6
LH:6
BRF:0
BRH:0
end_of_record
TN:
SF:src\interval.abstract.ts
FN:3,(anonymous_0)
FN:5,(anonymous_1)
FN:8,(anonymous_2)
FN:12,(anonymous_3)
FN:13,(anonymous_4)
FN:14,(anonymous_5)
FNF:6
FNH:6
FNDA:5,(anonymous_0)
FNDA:19,(anonymous_1)
FNDA:14,(anonymous_2)
FNDA:5,(anonymous_3)
FNDA:5,(anonymous_4)
FNDA:5,(anonymous_5)
DA:1,11
DA:3,11
DA:4,5
DA:5,5
DA:6,19
DA:7,19
DA:8,19
DA:9,19
DA:11,5
DA:13,5
DA:14,5
DA:18,5
LF:12
LH:12
BRDA:3,0,0,1
BRDA:7,1,0,9
BRDA:7,1,1,10
BRDA:9,2,0,11
BRDA:9,2,1,8
BRF:5
BRH:5
end_of_record
TN:
SF:src\interval.ts
FN:4,(anonymous_0)
FNF:1
FNH:1
FNDA:2,(anonymous_0)
DA:1,9
DA:2,9
DA:4,9
DA:5,2
DA:6,2
LF:5
LH:5
BRDA:4,0,0,1
BRF:1
BRH:1
end_of_record
TN:
SF:src\is-mount.ts
FN:3,(anonymous_0)
FN:6,(anonymous_1)
FN:8,(anonymous_2)
FNF:3
FNH:3
FNDA:27,(anonymous_0)
FNDA:11,(anonymous_1)
FNDA:10,(anonymous_2)
DA:1,11
DA:3,11
DA:4,27
DA:5,27
DA:7,11
DA:8,11
DA:9,10
DA:14,27
DA:15,27
LF:9
LH:9
BRF:0
BRH:0
end_of_record
TN:
SF:src\layout-async-effect.ts
FN:4,(anonymous_0)
FNF:1
FNH:1
FNDA:2,(anonymous_0)
DA:1,8
DA:2,8
DA:4,8
DA:5,2
DA:6,2
LF:5
LH:5
BRF:0
BRH:0
end_of_record
TN:
SF:src\layout-efct.ts
FN:5,(anonymous_0)
FNF:1
FNH:1
FNDA:5,(anonymous_0)
DA:1,8
DA:3,8
DA:5,8
LF:3
LH:3
BRF:0
BRH:0
end_of_record
TN:
SF:src\layout-if.ts
FN:7,(anonymous_0)
FNF:1
FNH:1
FNDA:2,(anonymous_0)
DA:1,8
DA:4,8
DA:5,8
DA:7,8
DA:8,2
DA:9,2
LF:6
LH:6
BRF:0
BRH:0
end_of_record
TN:
SF:src\layout-interval.ts
FN:4,(anonymous_0)
FNF:1
FNH:1
FNDA:2,(anonymous_0)
DA:1,9
DA:2,9
DA:4,9
DA:5,2
DA:6,2
LF:5
LH:5
BRDA:4,0,0,1
BRF:1
BRH:1
end_of_record
TN:
SF:src\layout-mount.ts
FN:6,(anonymous_0)
FNF:1
FNH:1
FNDA:1,(anonymous_0)
DA:1,8
DA:3,8
DA:4,8
DA:6,8
DA:7,1
DA:8,1
LF:6
LH:6
BRF:0
BRH:0
end_of_record
TN:
SF:src\layout-timeout.ts
FN:4,(anonymous_0)
FNF:1
FNH:1
FNDA:2,(anonymous_0)
DA:1,9
DA:2,9
DA:4,9
DA:5,2
DA:6,2
LF:5
LH:5
BRDA:4,0,0,1
BRF:1
BRH:1
end_of_record
TN:
SF:src\log.ts
FN:4,(anonymous_0)
FN:12,(anonymous_1)
FNF:2
FNH:2
FNDA:4,(anonymous_0)
FNDA:4,(anonymous_1)
DA:1,9
DA:2,9
DA:4,9
DA:5,4
DA:6,4
DA:7,2
DA:8,2
DA:10,4
DA:11,4
DA:13,4
DA:14,2
DA:18,4
LF:12
LH:12
BRDA:6,0,0,2
BRDA:6,0,1,2
BRDA:6,1,0,4
BRDA:6,1,1,4
BRDA:13,2,0,2
BRDA:13,2,1,2
BRF:6
BRH:6
end_of_record
TN:
SF:src\mount.abstract.ts
FN:6,(anonymous_0)
FNF:1
FNH:1
FNDA:4,(anonymous_0)
DA:6,8
DA:7,4
LF:2
LH:2
BRF:0
BRH:0
end_of_record
TN:
SF:src\mount.ts
FN:6,(anonymous_0)
FNF:1
FNH:1
FNDA:3,(anonymous_0)
DA:1,8
DA:2,8
DA:4,8
DA:6,8
DA:7,3
DA:8,3
LF:6
LH:6
BRF:0
BRH:0
end_of_record
TN:
SF:src\render.ts
FN:5,(anonymous_0)
FN:6,(anonymous_1)
FN:8,(anonymous_2)
FN:8,(anonymous_3)
FNF:4
FNH:4
FNDA:27,(anonymous_0)
FNDA:18,(anonymous_1)
FNDA:11,(anonymous_2)
FNDA:14,(anonymous_3)
DA:1,11
DA:2,11
DA:3,11
DA:5,11
DA:6,27
DA:7,27
DA:8,27
DA:9,14
DA:11,27
DA:12,27
LF:10
LH:10
BRDA:9,0,0,13
BRDA:9,0,1,1
BRF:2
BRH:2
end_of_record
TN:
SF:src\run.ts
FN:5,(anonymous_0)
FN:13,(anonymous_1)
FNF:2
FNH:2
FNDA:30,(anonymous_0)
FNDA:12,(anonymous_1)
DA:1,12
DA:2,12
DA:3,12
DA:5,12
DA:6,30
DA:7,30
DA:8,30
DA:9,30
DA:10,30
DA:11,30
DA:12,30
DA:13,30
DA:14,30
DA:15,30
LF:14
LH:14
BRDA:11,0,0,2
BRDA:11,0,1,28
BRDA:11,1,0,30
BRDA:11,1,1,18
BRF:4
BRH:4
end_of_record
TN:
SF:src\same-callback.ts
FN:3,(anonymous_0)
FNF:1
FNH:1
FNDA:2,(anonymous_0)
DA:1,9
DA:3,9
DA:4,2
DA:5,2
DA:6,2
LF:5
LH:5
BRF:0
BRH:0
end_of_record
TN:
SF:src\style.ts
FN:3,(anonymous_0)
FNF:1
FNH:1
FNDA:2,(anonymous_0)
DA:1,9
DA:3,9
DA:4,2
DA:5,2
DA:6,2
LF:5
LH:5
BRF:0
BRH:0
end_of_record
TN:
SF:src\super-ref.ts
FN:14,(anonymous_0)
FN:16,(anonymous_1)
FNF:2
FNH:2
FNDA:6,(anonymous_0)
FNDA:4,(anonymous_1)
DA:1,9
DA:2,9
DA:4,9
DA:14,9
DA:15,6
DA:16,6
DA:17,6
DA:18,6
LF:8
LH:8
BRDA:14,0,0,4
BRDA:16,1,0,3
BRDA:16,1,1,1
BRF:3
BRH:3
end_of_record
TN:
SF:src\super-state.ts
FN:16,(anonymous_0)
FN:19,(anonymous_1)
FN:19,(anonymous_2)
FN:24,(anonymous_3)
FNF:4
FNH:4
FNDA:24,(anonymous_0)
FNDA:9,(anonymous_1)
FNDA:14,(anonymous_2)
FNDA:10,(anonymous_3)
DA:1,11
DA:2,11
DA:3,11
DA:4,11
DA:5,11
DA:16,11
DA:17,24
DA:18,24
DA:19,24
DA:20,14
DA:21,14
DA:22,14
DA:24,24
DA:25,24
DA:26,24
LF:15
LH:15
BRDA:16,0,0,22
BRDA:21,1,0,9
BRDA:21,1,1,5
BRDA:22,2,0,12
BRDA:22,2,1,2
BRDA:24,3,0,3
BRDA:24,3,1,7
BRF:7
BRH:7
end_of_record
TN:
SF:src\timeout.abstract.ts
FN:3,(anonymous_0)
FN:10,(anonymous_1)
FN:11,(anonymous_2)
FN:18,(anonymous_3)
FN:19,(anonymous_4)
FN:20,(anonymous_5)
FNF:6
FNH:6
FNDA:5,(anonymous_0)
FNDA:7,(anonymous_1)
FNDA:2,(anonymous_2)
FNDA:5,(anonymous_3)
FNDA:5,(anonymous_4)
FNDA:5,(anonymous_5)
DA:1,11
DA:3,11
DA:9,5
DA:10,5
DA:11,7
DA:12,7
DA:13,5
DA:14,5
DA:17,5
DA:19,5
DA:20,5
DA:24,5
LF:12
LH:12
BRDA:6,0,0,1
BRDA:12,1,0,5
BRDA:12,1,1,2
BRF:3
BRH:3
end_of_record
TN:
SF:src\timeout.ts
FN:4,(anonymous_0)
FNF:1
FNH:1
FNDA:2,(anonymous_0)
DA:1,9
DA:2,9
DA:4,9
DA:5,2
DA:6,2
LF:5
LH:5
BRDA:4,0,0,1
BRF:1
BRH:1
end_of_record
TN:
SF:src\unmount.ts
FN:3,(anonymous_0)
FN:5,(anonymous_1)
FN:5,(anonymous_2)
FNF:3
FNH:3
FNDA:1,(anonymous_0)
FNDA:1,(anonymous_1)
FNDA:1,(anonymous_2)
DA:1,8
DA:3,8
DA:4,1
DA:5,1
DA:6,1
LF:5
LH:5
BRF:0
BRH:0
end_of_record
TN:
SF:src\common\create-class-name.ts
FN:1,(anonymous_0)
FNF:1
FNH:1
FNDA:2,(anonymous_0)
DA:1,9
LF:1
LH:1
BRF:0
BRH:0
end_of_record
TN:
SF:src\common\deps-equal.ts
FN:3,(anonymous_0)
FNF:1
FNH:1
FNDA:21,(anonymous_0)
DA:3,13
DA:5,21
DA:7,20
DA:8,17
LF:4
LH:4
BRDA:5,0,0,1
BRDA:5,0,1,20
BRDA:7,1,0,3
BRDA:7,1,1,1
BRF:4
BRH:4
end_of_record
TN:
SF:src\common\is-function.ts
FN:1,(anonymous_0)
FNF:1
FNH:1
FNDA:28,(anonymous_0)
DA:1,28
LF:1
LH:1
BRDA:1,0,0,28
BRDA:1,0,1,17
BRDA:1,0,2,2
BRDA:1,0,3,2
BRF:4
BRH:4
end_of_record
TN:
SF:src\common\is-object.ts
FN:1,(anonymous_0)
FNF:1
FNH:1
FNDA:4,(anonymous_0)
DA:1,9
LF:1
LH:1
BRDA:1,0,0,4
BRDA:1,0,1,2
BRDA:1,0,2,2
BRF:3
BRH:3
end_of_record
